<?xml version="1.0" encoding="UTF-8"?>
<!-- Generated by org.testng.reporters.JUnitReportReporter -->
<testsuite hostname="Harikrishnan" failures="0" tests="7" name="com.runnermaterials.DynamicParameter" time="27.244" errors="0" timestamp="2024-11-21T20:29:08 IST" skipped="0">
  <testcase classname="com.runnermaterials.DynamicParameter" name="edge" time="2.833"/>
  <system-out/>
  <testcase classname="com.runnermaterials.DynamicParameter" name="edge" time="2.670"/>
  <system-out/>
  <testcase classname="com.runnermaterials.DynamicParameter" name="edge" time="4.800"/>
  <system-out/>
  <testcase classname="com.runnermaterials.DynamicParameter" name="edge" time="3.129"/>
  <system-out/>
  <testcase classname="com.runnermaterials.DynamicParameter" name="edge" time="3.023"/>
  <system-out/>
  <testcase classname="com.runnermaterials.DynamicParameter" name="firefox" time="7.767"/>
  <system-out/>
  <testcase classname="com.runnermaterials.DynamicParameter" name="chrome" time="3.022"/>
  <system-out/>
</testsuite> <!-- com.runnermaterials.DynamicParameter -->
