<?xml version="1.0" encoding="UTF-8"?>
<!-- Generated by org.testng.reporters.JUnitReportReporter -->
<testsuite hostname="Harikrishnan" failures="0" tests="1" name="com.runnermaterials.LoginPageRunner" time="6.012" errors="0" timestamp="2024-11-22T11:52:45 IST" skipped="0">
  <testcase classname="com.runnermaterials.LoginPageRunner" name="validLoginTest" time="6.012"/>
  <system-out/>
</testsuite> <!-- com.runnermaterials.LoginPageRunner -->
