<?xml version="1.0" encoding="UTF-8"?>
<!-- Generated by org.testng.reporters.JUnitReportReporter -->
<testsuite hostname="Harikrishnan" failures="0" tests="4" name="com.runnermaterials.DataProviderTest" time="32.750" errors="0" timestamp="2024-11-20T18:40:21 IST" skipped="0">
  <testcase classname="com.runnermaterials.DataProviderTest" name="login" time="14.390"/>
  <system-out/>
  <testcase classname="com.runnermaterials.DataProviderTest" name="login" time="6.879"/>
  <system-out/>
  <testcase classname="com.runnermaterials.DataProviderTest" name="login" time="5.760"/>
  <system-out/>
  <testcase classname="com.runnermaterials.DataProviderTest" name="login" time="5.721"/>
  <system-out/>
</testsuite> <!-- com.runnermaterials.DataProviderTest -->
